<?xml version="1.0" encoding="UTF-8"?>
<!-- Generated by org.testng.reporters.JUnitXMLReporter -->
<testsuite hostname="BabluKumarPrasa" ignored="2" name="Test" tests="80" failures="0" timestamp="08 Apr 2018 04:53:55 GMT" time="1.823" errors="0">
  <testcase name="@BeforeMethod beforeMethod" time="0.295" classname="com.create4.execution.Institute_Creation_TS_01">
    <failure type="org.openqa.selenium.WebDriverException" message="Cannot find firefox binary in PATH. Make sure firefox is installed. OS appears to be: VISTA
Build info: version: &amp;apos;2.53.1&amp;apos;, revision: &amp;apos;a36b8b1cd5757287168e54b817830adce9b0158d&amp;apos;, time: &amp;apos;2016-06-30 19:26:09&amp;apos;
System info: host: &amp;apos;BabluKumarPrasa&amp;apos;, ip: &amp;apos;192.168.43.144&amp;apos;, os.name: &amp;apos;Windows 7&amp;apos;, os.arch: &amp;apos;x86&amp;apos;, os.version: &amp;apos;6.1&amp;apos;, java.version: &amp;apos;1.8.0_51&amp;apos;
Driver info: driver.version: FirefoxDriver">
      <![CDATA[org.openqa.selenium.WebDriverException: Cannot find firefox binary in PATH. Make sure firefox is installed. OS appears to be: VISTA
Build info: version: '2.53.1', revision: 'a36b8b1cd5757287168e54b817830adce9b0158d', time: '2016-06-30 19:26:09'
System info: host: 'BabluKumarPrasa', ip: '192.168.43.144', os.name: 'Windows 7', os.arch: 'x86', os.version: '6.1', java.version: '1.8.0_51'
Driver info: driver.version: FirefoxDriver
	at org.openqa.selenium.firefox.internal.Executable.<init>(Executable.java:75)
	at org.openqa.selenium.firefox.FirefoxBinary.<init>(FirefoxBinary.java:60)
	at org.openqa.selenium.firefox.FirefoxBinary.<init>(FirefoxBinary.java:56)
	at org.openqa.selenium.firefox.FirefoxDriver.<init>(FirefoxDriver.java:120)
	at com.global.methods.GlobalMethods.LaunchBrowser(GlobalMethods.java:99)
	at com.create4.execution.Institute_Creation_TS_01.beforeMethod(Institute_Creation_TS_01.java:32)
... Removed 27 stack frames]]>
    </failure>
  </testcase> <!-- @BeforeMethod beforeMethod -->
  <testcase name="@BeforeMethod beforeMethod" time="0.0" classname="com.create4.execution.Institute_Creation_TS_01">
    <skipped/>
  </testcase> <!-- @BeforeMethod beforeMethod -->
  <testcase name="@BeforeMethod beforeMethod" time="0.0" classname="com.create4.execution.Institute_Creation_TS_01">
    <skipped/>
  </testcase> <!-- @BeforeMethod beforeMethod -->
  <testcase name="@BeforeMethod beforeMethod" time="0.0" classname="com.create4.execution.Institute_Creation_TS_01">
    <skipped/>
  </testcase> <!-- @BeforeMethod beforeMethod -->
  <testcase name="@BeforeMethod beforeMethod" time="0.0" classname="com.create4.execution.Institute_Creation_TS_01">
    <skipped/>
  </testcase> <!-- @BeforeMethod beforeMethod -->
  <testcase name="@BeforeMethod beforeMethod" time="0.0" classname="com.create4.execution.Institute_Creation_TS_01">
    <skipped/>
  </testcase> <!-- @BeforeMethod beforeMethod -->
  <testcase name="@BeforeMethod beforeMethod" time="0.0" classname="com.create4.execution.Institute_Creation_TS_01">
    <skipped/>
  </testcase> <!-- @BeforeMethod beforeMethod -->
  <testcase name="@BeforeMethod beforeMethod" time="0.0" classname="com.create4.execution.Institute_Creation_TS_01">
    <skipped/>
  </testcase> <!-- @BeforeMethod beforeMethod -->
  <testcase name="@BeforeMethod beforeMethod" time="0.0" classname="com.create4.execution.Institute_Creation_TS_01">
    <skipped/>
  </testcase> <!-- @BeforeMethod beforeMethod -->
  <testcase name="@BeforeMethod beforeMethod" time="0.06" classname="com.create4.execution.Institution_View_Edit_Status_TS_01A">
    <failure type="org.openqa.selenium.WebDriverException" message="Cannot find firefox binary in PATH. Make sure firefox is installed. OS appears to be: VISTA
Build info: version: &amp;apos;2.53.1&amp;apos;, revision: &amp;apos;a36b8b1cd5757287168e54b817830adce9b0158d&amp;apos;, time: &amp;apos;2016-06-30 19:26:09&amp;apos;
System info: host: &amp;apos;BabluKumarPrasa&amp;apos;, ip: &amp;apos;192.168.43.144&amp;apos;, os.name: &amp;apos;Windows 7&amp;apos;, os.arch: &amp;apos;x86&amp;apos;, os.version: &amp;apos;6.1&amp;apos;, java.version: &amp;apos;1.8.0_51&amp;apos;
Driver info: driver.version: FirefoxDriver">
      <![CDATA[org.openqa.selenium.WebDriverException: Cannot find firefox binary in PATH. Make sure firefox is installed. OS appears to be: VISTA
Build info: version: '2.53.1', revision: 'a36b8b1cd5757287168e54b817830adce9b0158d', time: '2016-06-30 19:26:09'
System info: host: 'BabluKumarPrasa', ip: '192.168.43.144', os.name: 'Windows 7', os.arch: 'x86', os.version: '6.1', java.version: '1.8.0_51'
Driver info: driver.version: FirefoxDriver
	at org.openqa.selenium.firefox.internal.Executable.<init>(Executable.java:75)
	at org.openqa.selenium.firefox.FirefoxBinary.<init>(FirefoxBinary.java:60)
	at org.openqa.selenium.firefox.FirefoxBinary.<init>(FirefoxBinary.java:56)
	at org.openqa.selenium.firefox.FirefoxDriver.<init>(FirefoxDriver.java:120)
	at com.global.methods.GlobalMethods.LaunchBrowser(GlobalMethods.java:99)
	at com.create4.execution.Institution_View_Edit_Status_TS_01A.beforeMethod(Institution_View_Edit_Status_TS_01A.java:31)
... Removed 27 stack frames]]>
    </failure>
  </testcase> <!-- @BeforeMethod beforeMethod -->
  <testcase name="@BeforeMethod beforeMethod" time="0.0" classname="com.create4.execution.Institution_View_Edit_Status_TS_01A">
    <skipped/>
  </testcase> <!-- @BeforeMethod beforeMethod -->
  <testcase name="@BeforeMethod beforeMethod" time="0.0" classname="com.create4.execution.Institution_View_Edit_Status_TS_01A">
    <skipped/>
  </testcase> <!-- @BeforeMethod beforeMethod -->
  <testcase name="@BeforeMethod beforeMethod" time="0.0" classname="com.create4.execution.Institution_View_Edit_Status_TS_01A">
    <skipped/>
  </testcase> <!-- @BeforeMethod beforeMethod -->
  <testcase name="@BeforeMethod beforeMethod" time="0.0" classname="com.create4.execution.Institution_View_Edit_Status_TS_01A">
    <skipped/>
  </testcase> <!-- @BeforeMethod beforeMethod -->
  <testcase name="@BeforeMethod beforeMethod" time="0.0" classname="com.create4.execution.Institution_View_Edit_Status_TS_01A">
    <skipped/>
  </testcase> <!-- @BeforeMethod beforeMethod -->
  <testcase name="@BeforeMethod beforeMethod" time="0.0" classname="com.create4.execution.Institution_View_Edit_Status_TS_01A">
    <skipped/>
  </testcase> <!-- @BeforeMethod beforeMethod -->
  <testcase name="@BeforeMethod beforeMethod" time="0.0" classname="com.create4.execution.Institution_View_Edit_Status_TS_01A">
    <skipped/>
  </testcase> <!-- @BeforeMethod beforeMethod -->
  <testcase name="@BeforeMethod beforeMethod" time="0.0" classname="com.create4.execution.Institution_View_Edit_Status_TS_01A">
    <skipped/>
  </testcase> <!-- @BeforeMethod beforeMethod -->
  <testcase name="@BeforeMethod beforeMethod" time="0.002" classname="com.create4.execution.Admin_Creation_TS_01B">
    <failure type="java.lang.NullPointerException">
      <![CDATA[java.lang.NullPointerException
	at org.openqa.selenium.interactions.Actions.<init>(Actions.java:44)
	at com.global.methods.GlobalMethods.<init>(GlobalMethods.java:44)
	at com.create4.execution.Admin_Creation_TS_01B.beforeMethod(Admin_Creation_TS_01B.java:24)
... Removed 27 stack frames]]>
    </failure>
  </testcase> <!-- @BeforeMethod beforeMethod -->
  <testcase name="@BeforeMethod beforeMethod" time="0.0" classname="com.create4.execution.Admin_Creation_TS_01B">
    <skipped/>
  </testcase> <!-- @BeforeMethod beforeMethod -->
  <testcase name="@BeforeMethod beforeMethod" time="0.0" classname="com.create4.execution.Admin_Creation_TS_01B">
    <skipped/>
  </testcase> <!-- @BeforeMethod beforeMethod -->
  <testcase name="@BeforeMethod beforeMethod" time="0.0" classname="com.create4.execution.Admin_Creation_TS_01B">
    <skipped/>
  </testcase> <!-- @BeforeMethod beforeMethod -->
  <testcase name="@BeforeMethod beforeMethod" time="0.0" classname="com.create4.execution.Admin_Creation_TS_01B">
    <skipped/>
  </testcase> <!-- @BeforeMethod beforeMethod -->
  <testcase name="@BeforeMethod beforeMethod" time="0.0" classname="com.create4.execution.Admin_Creation_TS_01B">
    <skipped/>
  </testcase> <!-- @BeforeMethod beforeMethod -->
  <testcase name="@BeforeMethod beforeMethod" time="0.0" classname="com.create4.execution.Admin_Creation_TS_01B">
    <skipped/>
  </testcase> <!-- @BeforeMethod beforeMethod -->
  <testcase name="@BeforeMethod beforeMethod" time="0.0" classname="com.create4.execution.Admin_Creation_TS_01B">
    <skipped/>
  </testcase> <!-- @BeforeMethod beforeMethod -->
  <testcase name="@BeforeMethod beforeMethod" time="0.0" classname="com.create4.execution.Admin_Creation_TS_01B">
    <skipped/>
  </testcase> <!-- @BeforeMethod beforeMethod -->
  <testcase name="@BeforeMethod beforeMethod" time="0.0" classname="com.create4.execution.Admin_Creation_TS_01B">
    <skipped/>
  </testcase> <!-- @BeforeMethod beforeMethod -->
  <testcase name="@BeforeMethod beforeMethod" time="0.0" classname="com.create4.execution.Admin_Creation_TS_01B">
    <skipped/>
  </testcase> <!-- @BeforeMethod beforeMethod -->
  <testcase name="@BeforeMethod beforeMethod" time="0.001" classname="com.create4.execution.Manage_Admin_View_Edit_Delete_TS_01C">
    <failure type="java.lang.NullPointerException">
      <![CDATA[java.lang.NullPointerException
	at org.openqa.selenium.interactions.Actions.<init>(Actions.java:44)
	at com.global.methods.GlobalMethods.<init>(GlobalMethods.java:44)
	at com.create4.execution.Manage_Admin_View_Edit_Delete_TS_01C.beforeMethod(Manage_Admin_View_Edit_Delete_TS_01C.java:21)
... Removed 27 stack frames]]>
    </failure>
  </testcase> <!-- @BeforeMethod beforeMethod -->
  <testcase name="@BeforeMethod beforeMethod" time="0.0" classname="com.create4.execution.Manage_Admin_View_Edit_Delete_TS_01C">
    <skipped/>
  </testcase> <!-- @BeforeMethod beforeMethod -->
  <testcase name="@BeforeMethod beforeMethod" time="0.0" classname="com.create4.execution.Home_Page_Details_TS_02">
    <failure type="java.lang.NullPointerException">
      <![CDATA[java.lang.NullPointerException
	at org.openqa.selenium.interactions.Actions.<init>(Actions.java:44)
	at com.global.methods.GlobalMethods.<init>(GlobalMethods.java:44)
	at com.create4.execution.Home_Page_Details_TS_02.beforeMethod(Home_Page_Details_TS_02.java:21)
... Removed 27 stack frames]]>
    </failure>
  </testcase> <!-- @BeforeMethod beforeMethod -->
  <testcase name="@BeforeMethod beforeMethod" time="0.0" classname="com.create4.execution.Home_Page_Details_TS_02">
    <skipped/>
  </testcase> <!-- @BeforeMethod beforeMethod -->
  <testcase name="@BeforeMethod beforeMethod" time="0.0" classname="com.create4.execution.Home_Page_Details_TS_02">
    <skipped/>
  </testcase> <!-- @BeforeMethod beforeMethod -->
  <testcase name="@BeforeMethod beforeMethod" time="0.0" classname="com.create4.execution.Home_Page_Details_TS_02">
    <skipped/>
  </testcase> <!-- @BeforeMethod beforeMethod -->
  <testcase name="@BeforeMethod beforeMethod" time="0.0" classname="com.create4.execution.Home_Page_Details_TS_02">
    <skipped/>
  </testcase> <!-- @BeforeMethod beforeMethod -->
  <testcase name="@BeforeMethod beforeMethod" time="0.0" classname="com.create4.execution.Home_Page_Details_TS_02">
    <skipped/>
  </testcase> <!-- @BeforeMethod beforeMethod -->
  <testcase name="@BeforeMethod beforeMethod" time="0.001" classname="com.create4.execution.Institute_Home_Page_Details_TS_02A">
    <failure type="java.lang.NullPointerException">
      <![CDATA[java.lang.NullPointerException
	at org.openqa.selenium.interactions.Actions.<init>(Actions.java:44)
	at com.global.methods.GlobalMethods.<init>(GlobalMethods.java:44)
	at com.create4.execution.Institute_Home_Page_Details_TS_02A.beforeMethod(Institute_Home_Page_Details_TS_02A.java:21)
... Removed 27 stack frames]]>
    </failure>
  </testcase> <!-- @BeforeMethod beforeMethod -->
  <testcase name="@BeforeMethod beforeMethod" time="0.0" classname="com.create4.execution.Institute_Home_Page_Details_TS_02A">
    <skipped/>
  </testcase> <!-- @BeforeMethod beforeMethod -->
  <testcase name="@BeforeMethod beforeMethod" time="0.0" classname="com.create4.execution.Institute_Home_Page_Details_TS_02A">
    <skipped/>
  </testcase> <!-- @BeforeMethod beforeMethod -->
  <testcase name="@BeforeMethod beforeMethod" time="0.0" classname="com.create4.execution.Institute_Home_Page_Details_TS_02A">
    <skipped/>
  </testcase> <!-- @BeforeMethod beforeMethod -->
  <testcase name="@BeforeMethod beforeMethod" time="0.039" classname="com.create4.execution.Login_Page_in_Institute_Home_Page_TS_02B">
    <failure type="org.openqa.selenium.WebDriverException" message="Cannot find firefox binary in PATH. Make sure firefox is installed. OS appears to be: VISTA
Build info: version: &amp;apos;2.53.1&amp;apos;, revision: &amp;apos;a36b8b1cd5757287168e54b817830adce9b0158d&amp;apos;, time: &amp;apos;2016-06-30 19:26:09&amp;apos;
System info: host: &amp;apos;BabluKumarPrasa&amp;apos;, ip: &amp;apos;192.168.43.144&amp;apos;, os.name: &amp;apos;Windows 7&amp;apos;, os.arch: &amp;apos;x86&amp;apos;, os.version: &amp;apos;6.1&amp;apos;, java.version: &amp;apos;1.8.0_51&amp;apos;
Driver info: driver.version: FirefoxDriver">
      <![CDATA[org.openqa.selenium.WebDriverException: Cannot find firefox binary in PATH. Make sure firefox is installed. OS appears to be: VISTA
Build info: version: '2.53.1', revision: 'a36b8b1cd5757287168e54b817830adce9b0158d', time: '2016-06-30 19:26:09'
System info: host: 'BabluKumarPrasa', ip: '192.168.43.144', os.name: 'Windows 7', os.arch: 'x86', os.version: '6.1', java.version: '1.8.0_51'
Driver info: driver.version: FirefoxDriver
	at org.openqa.selenium.firefox.internal.Executable.<init>(Executable.java:75)
	at org.openqa.selenium.firefox.FirefoxBinary.<init>(FirefoxBinary.java:60)
	at org.openqa.selenium.firefox.FirefoxBinary.<init>(FirefoxBinary.java:56)
	at org.openqa.selenium.firefox.FirefoxDriver.<init>(FirefoxDriver.java:120)
	at com.global.methods.GlobalMethods.LaunchBrowser(GlobalMethods.java:99)
	at com.create4.execution.Login_Page_in_Institute_Home_Page_TS_02B.beforeMethod(Login_Page_in_Institute_Home_Page_TS_02B.java:31)
... Removed 27 stack frames]]>
    </failure>
  </testcase> <!-- @BeforeMethod beforeMethod -->
  <testcase name="@BeforeMethod beforeMethod" time="0.0" classname="com.create4.execution.Login_Page_in_Institute_Home_Page_TS_02B">
    <skipped/>
  </testcase> <!-- @BeforeMethod beforeMethod -->
  <testcase name="@BeforeMethod beforeMethod" time="0.0" classname="com.create4.execution.Login_Page_in_Institute_Home_Page_TS_02B">
    <skipped/>
  </testcase> <!-- @BeforeMethod beforeMethod -->
  <testcase name="@BeforeMethod beforeMethod" time="0.0" classname="com.create4.execution.Login_Page_in_Institute_Home_Page_TS_02B">
    <skipped/>
  </testcase> <!-- @BeforeMethod beforeMethod -->
  <testcase name="@BeforeMethod beforeMethod" time="0.057" classname="com.create4.execution.Forgot_Password_in_Inst_Home_Page_TS_02C">
    <failure type="org.openqa.selenium.WebDriverException" message="Cannot find firefox binary in PATH. Make sure firefox is installed. OS appears to be: VISTA
Build info: version: &amp;apos;2.53.1&amp;apos;, revision: &amp;apos;a36b8b1cd5757287168e54b817830adce9b0158d&amp;apos;, time: &amp;apos;2016-06-30 19:26:09&amp;apos;
System info: host: &amp;apos;BabluKumarPrasa&amp;apos;, ip: &amp;apos;192.168.43.144&amp;apos;, os.name: &amp;apos;Windows 7&amp;apos;, os.arch: &amp;apos;x86&amp;apos;, os.version: &amp;apos;6.1&amp;apos;, java.version: &amp;apos;1.8.0_51&amp;apos;
Driver info: driver.version: FirefoxDriver">
      <![CDATA[org.openqa.selenium.WebDriverException: Cannot find firefox binary in PATH. Make sure firefox is installed. OS appears to be: VISTA
Build info: version: '2.53.1', revision: 'a36b8b1cd5757287168e54b817830adce9b0158d', time: '2016-06-30 19:26:09'
System info: host: 'BabluKumarPrasa', ip: '192.168.43.144', os.name: 'Windows 7', os.arch: 'x86', os.version: '6.1', java.version: '1.8.0_51'
Driver info: driver.version: FirefoxDriver
	at org.openqa.selenium.firefox.internal.Executable.<init>(Executable.java:75)
	at org.openqa.selenium.firefox.FirefoxBinary.<init>(FirefoxBinary.java:60)
	at org.openqa.selenium.firefox.FirefoxBinary.<init>(FirefoxBinary.java:56)
	at org.openqa.selenium.firefox.FirefoxDriver.<init>(FirefoxDriver.java:120)
	at com.global.methods.GlobalMethods.LaunchBrowser(GlobalMethods.java:99)
	at com.create4.execution.Forgot_Password_in_Inst_Home_Page_TS_02C.beforeMethod(Forgot_Password_in_Inst_Home_Page_TS_02C.java:31)
... Removed 27 stack frames]]>
    </failure>
  </testcase> <!-- @BeforeMethod beforeMethod -->
  <testcase name="@BeforeMethod beforeMethod" time="0.036" classname="com.create4.execution.PI_Registration_TS_25">
    <failure type="org.openqa.selenium.WebDriverException" message="Cannot find firefox binary in PATH. Make sure firefox is installed. OS appears to be: VISTA
Build info: version: &amp;apos;2.53.1&amp;apos;, revision: &amp;apos;a36b8b1cd5757287168e54b817830adce9b0158d&amp;apos;, time: &amp;apos;2016-06-30 19:26:09&amp;apos;
System info: host: &amp;apos;BabluKumarPrasa&amp;apos;, ip: &amp;apos;192.168.43.144&amp;apos;, os.name: &amp;apos;Windows 7&amp;apos;, os.arch: &amp;apos;x86&amp;apos;, os.version: &amp;apos;6.1&amp;apos;, java.version: &amp;apos;1.8.0_51&amp;apos;
Driver info: driver.version: FirefoxDriver">
      <![CDATA[org.openqa.selenium.WebDriverException: Cannot find firefox binary in PATH. Make sure firefox is installed. OS appears to be: VISTA
Build info: version: '2.53.1', revision: 'a36b8b1cd5757287168e54b817830adce9b0158d', time: '2016-06-30 19:26:09'
System info: host: 'BabluKumarPrasa', ip: '192.168.43.144', os.name: 'Windows 7', os.arch: 'x86', os.version: '6.1', java.version: '1.8.0_51'
Driver info: driver.version: FirefoxDriver
	at org.openqa.selenium.firefox.internal.Executable.<init>(Executable.java:75)
	at org.openqa.selenium.firefox.FirefoxBinary.<init>(FirefoxBinary.java:60)
	at org.openqa.selenium.firefox.FirefoxBinary.<init>(FirefoxBinary.java:56)
	at org.openqa.selenium.firefox.FirefoxDriver.<init>(FirefoxDriver.java:120)
	at com.global.methods.GlobalMethods.LaunchBrowser(GlobalMethods.java:99)
	at com.create4.execution.PI_Registration_TS_25.beforeMethod(PI_Registration_TS_25.java:31)
... Removed 27 stack frames]]>
    </failure>
  </testcase> <!-- @BeforeMethod beforeMethod -->
  <testcase name="@BeforeMethod beforeMethod" time="0.0" classname="com.create4.execution.PI_Registration_TS_25">
    <skipped/>
  </testcase> <!-- @BeforeMethod beforeMethod -->
  <testcase name="@BeforeMethod beforeMethod" time="0.0" classname="com.create4.execution.PI_Registration_TS_25">
    <skipped/>
  </testcase> <!-- @BeforeMethod beforeMethod -->
  <testcase name="@BeforeMethod beforeMethod" time="0.0" classname="com.create4.execution.PI_Registration_TS_25">
    <skipped/>
  </testcase> <!-- @BeforeMethod beforeMethod -->
  <testcase name="@BeforeMethod beforeMethod" time="0.0" classname="com.create4.execution.PI_Registration_TS_25">
    <skipped/>
  </testcase> <!-- @BeforeMethod beforeMethod -->
  <testcase name="@BeforeMethod beforeMethod" time="0.044" classname="com.create4.execution.Manage_Registration_Requests_TS_26">
    <failure type="org.openqa.selenium.WebDriverException" message="Cannot find firefox binary in PATH. Make sure firefox is installed. OS appears to be: VISTA
Build info: version: &amp;apos;2.53.1&amp;apos;, revision: &amp;apos;a36b8b1cd5757287168e54b817830adce9b0158d&amp;apos;, time: &amp;apos;2016-06-30 19:26:09&amp;apos;
System info: host: &amp;apos;BabluKumarPrasa&amp;apos;, ip: &amp;apos;192.168.43.144&amp;apos;, os.name: &amp;apos;Windows 7&amp;apos;, os.arch: &amp;apos;x86&amp;apos;, os.version: &amp;apos;6.1&amp;apos;, java.version: &amp;apos;1.8.0_51&amp;apos;
Driver info: driver.version: FirefoxDriver">
      <![CDATA[org.openqa.selenium.WebDriverException: Cannot find firefox binary in PATH. Make sure firefox is installed. OS appears to be: VISTA
Build info: version: '2.53.1', revision: 'a36b8b1cd5757287168e54b817830adce9b0158d', time: '2016-06-30 19:26:09'
System info: host: 'BabluKumarPrasa', ip: '192.168.43.144', os.name: 'Windows 7', os.arch: 'x86', os.version: '6.1', java.version: '1.8.0_51'
Driver info: driver.version: FirefoxDriver
	at org.openqa.selenium.firefox.internal.Executable.<init>(Executable.java:75)
	at org.openqa.selenium.firefox.FirefoxBinary.<init>(FirefoxBinary.java:60)
	at org.openqa.selenium.firefox.FirefoxBinary.<init>(FirefoxBinary.java:56)
	at org.openqa.selenium.firefox.FirefoxDriver.<init>(FirefoxDriver.java:120)
	at com.global.methods.GlobalMethods.LaunchBrowser(GlobalMethods.java:99)
	at com.create4.execution.Manage_Registration_Requests_TS_26.beforeMethod(Manage_Registration_Requests_TS_26.java:28)
... Removed 27 stack frames]]>
    </failure>
  </testcase> <!-- @BeforeMethod beforeMethod -->
  <testcase name="@BeforeMethod beforeMethod" time="0.0" classname="com.create4.execution.Manage_Registration_Requests_TS_26">
    <skipped/>
  </testcase> <!-- @BeforeMethod beforeMethod -->
  <testcase name="@BeforeMethod beforeMethod" time="0.0" classname="com.create4.execution.Manage_Registration_Requests_TS_26">
    <skipped/>
  </testcase> <!-- @BeforeMethod beforeMethod -->
  <testcase name="@BeforeMethod beforeMethod" time="0.047" classname="com.create4.execution.Admin_regreq_dashb_TS_112">
    <failure type="java.lang.NullPointerException">
      <![CDATA[java.lang.NullPointerException
	at com.global.methods.GlobalMethods.LaunchBrowser(GlobalMethods.java:106)
	at com.create4.execution.Admin_regreq_dashb_TS_112.beforeMethod(Admin_regreq_dashb_TS_112.java:26)
... Removed 27 stack frames]]>
    </failure>
  </testcase> <!-- @BeforeMethod beforeMethod -->
  <testcase name="@BeforeMethod beforeMethod" time="0.04" classname="com.create4.execution.Allrole_menus_TS_128">
    <failure type="org.openqa.selenium.WebDriverException" message="Cannot find firefox binary in PATH. Make sure firefox is installed. OS appears to be: VISTA
Build info: version: &amp;apos;2.53.1&amp;apos;, revision: &amp;apos;a36b8b1cd5757287168e54b817830adce9b0158d&amp;apos;, time: &amp;apos;2016-06-30 19:26:09&amp;apos;
System info: host: &amp;apos;BabluKumarPrasa&amp;apos;, ip: &amp;apos;192.168.43.144&amp;apos;, os.name: &amp;apos;Windows 7&amp;apos;, os.arch: &amp;apos;x86&amp;apos;, os.version: &amp;apos;6.1&amp;apos;, java.version: &amp;apos;1.8.0_51&amp;apos;
Driver info: driver.version: FirefoxDriver">
      <![CDATA[org.openqa.selenium.WebDriverException: Cannot find firefox binary in PATH. Make sure firefox is installed. OS appears to be: VISTA
Build info: version: '2.53.1', revision: 'a36b8b1cd5757287168e54b817830adce9b0158d', time: '2016-06-30 19:26:09'
System info: host: 'BabluKumarPrasa', ip: '192.168.43.144', os.name: 'Windows 7', os.arch: 'x86', os.version: '6.1', java.version: '1.8.0_51'
Driver info: driver.version: FirefoxDriver
	at org.openqa.selenium.firefox.internal.Executable.<init>(Executable.java:75)
	at org.openqa.selenium.firefox.FirefoxBinary.<init>(FirefoxBinary.java:60)
	at org.openqa.selenium.firefox.FirefoxBinary.<init>(FirefoxBinary.java:56)
	at org.openqa.selenium.firefox.FirefoxDriver.<init>(FirefoxDriver.java:120)
	at com.global.methods.GlobalMethods.LaunchBrowser(GlobalMethods.java:99)
	at com.create4.execution.Allrole_menus_TS_128.beforeMethod(Allrole_menus_TS_128.java:26)
... Removed 27 stack frames]]>
    </failure>
  </testcase> <!-- @BeforeMethod beforeMethod -->
  <testcase name="@BeforeMethod beforeMethod" time="0.0" classname="com.create4.execution.Allrole_menus_TS_128">
    <skipped/>
  </testcase> <!-- @BeforeMethod beforeMethod -->
  <testcase name="@BeforeMethod beforeMethod" time="0.0" classname="com.create4.execution.Allrole_menus_TS_128">
    <skipped/>
  </testcase> <!-- @BeforeMethod beforeMethod -->
  <testcase name="@BeforeMethod beforeMethod" time="0.0" classname="com.create4.execution.Allrole_menus_TS_128">
    <skipped/>
  </testcase> <!-- @BeforeMethod beforeMethod -->
  <testcase name="@BeforeMethod beforeMethod" time="0.0" classname="com.create4.execution.Allrole_menus_TS_128">
    <skipped/>
  </testcase> <!-- @BeforeMethod beforeMethod -->
  <testcase name="@BeforeMethod beforeMethod" time="0.042" classname="com.create4.execution.PI_menu_TS_39">
    <failure type="org.openqa.selenium.WebDriverException" message="Cannot find firefox binary in PATH. Make sure firefox is installed. OS appears to be: VISTA
Build info: version: &amp;apos;2.53.1&amp;apos;, revision: &amp;apos;a36b8b1cd5757287168e54b817830adce9b0158d&amp;apos;, time: &amp;apos;2016-06-30 19:26:09&amp;apos;
System info: host: &amp;apos;BabluKumarPrasa&amp;apos;, ip: &amp;apos;192.168.43.144&amp;apos;, os.name: &amp;apos;Windows 7&amp;apos;, os.arch: &amp;apos;x86&amp;apos;, os.version: &amp;apos;6.1&amp;apos;, java.version: &amp;apos;1.8.0_51&amp;apos;
Driver info: driver.version: FirefoxDriver">
      <![CDATA[org.openqa.selenium.WebDriverException: Cannot find firefox binary in PATH. Make sure firefox is installed. OS appears to be: VISTA
Build info: version: '2.53.1', revision: 'a36b8b1cd5757287168e54b817830adce9b0158d', time: '2016-06-30 19:26:09'
System info: host: 'BabluKumarPrasa', ip: '192.168.43.144', os.name: 'Windows 7', os.arch: 'x86', os.version: '6.1', java.version: '1.8.0_51'
Driver info: driver.version: FirefoxDriver
	at org.openqa.selenium.firefox.internal.Executable.<init>(Executable.java:75)
	at org.openqa.selenium.firefox.FirefoxBinary.<init>(FirefoxBinary.java:60)
	at org.openqa.selenium.firefox.FirefoxBinary.<init>(FirefoxBinary.java:56)
	at org.openqa.selenium.firefox.FirefoxDriver.<init>(FirefoxDriver.java:120)
	at com.global.methods.GlobalMethods.LaunchBrowser(GlobalMethods.java:99)
	at com.create4.execution.PI_menu_TS_39.beforeMethod(PI_menu_TS_39.java:28)
... Removed 27 stack frames]]>
    </failure>
  </testcase> <!-- @BeforeMethod beforeMethod -->
  <testcase name="@BeforeMethod beforeMethod" time="0.052" classname="com.create4.execution.PI_profile_TS_29">
    <failure type="org.openqa.selenium.WebDriverException" message="Cannot find firefox binary in PATH. Make sure firefox is installed. OS appears to be: VISTA
Build info: version: &amp;apos;2.53.1&amp;apos;, revision: &amp;apos;a36b8b1cd5757287168e54b817830adce9b0158d&amp;apos;, time: &amp;apos;2016-06-30 19:26:09&amp;apos;
System info: host: &amp;apos;BabluKumarPrasa&amp;apos;, ip: &amp;apos;192.168.43.144&amp;apos;, os.name: &amp;apos;Windows 7&amp;apos;, os.arch: &amp;apos;x86&amp;apos;, os.version: &amp;apos;6.1&amp;apos;, java.version: &amp;apos;1.8.0_51&amp;apos;
Driver info: driver.version: FirefoxDriver">
      <![CDATA[org.openqa.selenium.WebDriverException: Cannot find firefox binary in PATH. Make sure firefox is installed. OS appears to be: VISTA
Build info: version: '2.53.1', revision: 'a36b8b1cd5757287168e54b817830adce9b0158d', time: '2016-06-30 19:26:09'
System info: host: 'BabluKumarPrasa', ip: '192.168.43.144', os.name: 'Windows 7', os.arch: 'x86', os.version: '6.1', java.version: '1.8.0_51'
Driver info: driver.version: FirefoxDriver
	at org.openqa.selenium.firefox.internal.Executable.<init>(Executable.java:75)
	at org.openqa.selenium.firefox.FirefoxBinary.<init>(FirefoxBinary.java:60)
	at org.openqa.selenium.firefox.FirefoxBinary.<init>(FirefoxBinary.java:56)
	at org.openqa.selenium.firefox.FirefoxDriver.<init>(FirefoxDriver.java:120)
	at com.global.methods.GlobalMethods.LaunchBrowser(GlobalMethods.java:99)
	at com.create4.execution.PI_profile_TS_29.beforeMethod(PI_profile_TS_29.java:28)
... Removed 27 stack frames]]>
    </failure>
  </testcase> <!-- @BeforeMethod beforeMethod -->
  <testcase name="@BeforeMethod beforeMethod" time="0.0" classname="com.create4.execution.PI_profile_TS_29">
    <skipped/>
  </testcase> <!-- @BeforeMethod beforeMethod -->
  <testcase name="@BeforeMethod beforeMethod" time="0.0" classname="com.create4.execution.PI_profile_TS_29">
    <skipped/>
  </testcase> <!-- @BeforeMethod beforeMethod -->
  <testcase name="@BeforeMethod beforeMethod" time="0.0" classname="com.create4.execution.PI_profile_TS_29">
    <skipped/>
  </testcase> <!-- @BeforeMethod beforeMethod -->
  <testcase name="@BeforeMethod beforeMethod" time="0.044" classname="com.create4.execution.PI_profile_update_TS_136">
    <failure type="org.openqa.selenium.WebDriverException" message="Cannot find firefox binary in PATH. Make sure firefox is installed. OS appears to be: VISTA
Build info: version: &amp;apos;2.53.1&amp;apos;, revision: &amp;apos;a36b8b1cd5757287168e54b817830adce9b0158d&amp;apos;, time: &amp;apos;2016-06-30 19:26:09&amp;apos;
System info: host: &amp;apos;BabluKumarPrasa&amp;apos;, ip: &amp;apos;192.168.43.144&amp;apos;, os.name: &amp;apos;Windows 7&amp;apos;, os.arch: &amp;apos;x86&amp;apos;, os.version: &amp;apos;6.1&amp;apos;, java.version: &amp;apos;1.8.0_51&amp;apos;
Driver info: driver.version: FirefoxDriver">
      <![CDATA[org.openqa.selenium.WebDriverException: Cannot find firefox binary in PATH. Make sure firefox is installed. OS appears to be: VISTA
Build info: version: '2.53.1', revision: 'a36b8b1cd5757287168e54b817830adce9b0158d', time: '2016-06-30 19:26:09'
System info: host: 'BabluKumarPrasa', ip: '192.168.43.144', os.name: 'Windows 7', os.arch: 'x86', os.version: '6.1', java.version: '1.8.0_51'
Driver info: driver.version: FirefoxDriver
	at org.openqa.selenium.firefox.internal.Executable.<init>(Executable.java:75)
	at org.openqa.selenium.firefox.FirefoxBinary.<init>(FirefoxBinary.java:60)
	at org.openqa.selenium.firefox.FirefoxBinary.<init>(FirefoxBinary.java:56)
	at org.openqa.selenium.firefox.FirefoxDriver.<init>(FirefoxDriver.java:120)
	at com.global.methods.GlobalMethods.LaunchBrowser(GlobalMethods.java:99)
	at com.create4.execution.PI_profile_update_TS_136.beforeMethod(PI_profile_update_TS_136.java:26)
... Removed 27 stack frames]]>
    </failure>
  </testcase> <!-- @BeforeMethod beforeMethod -->
  <testcase name="@BeforeMethod beforeMethod" time="0.0" classname="com.create4.execution.PI_profile_update_TS_136">
    <skipped/>
  </testcase> <!-- @BeforeMethod beforeMethod -->
  <testcase name="@BeforeMethod beforeMethod" time="0.0" classname="com.create4.execution.PI_profile_update_TS_136">
    <skipped/>
  </testcase> <!-- @BeforeMethod beforeMethod -->
  <testcase name="@BeforeMethod beforeMethod" time="0.0" classname="com.create4.execution.PI_profile_update_TS_136">
    <skipped/>
  </testcase> <!-- @BeforeMethod beforeMethod -->
  <testcase name="@BeforeMethod beforeMethod" time="0.0" classname="com.create4.execution.PI_profile_update_TS_136">
    <skipped/>
  </testcase> <!-- @BeforeMethod beforeMethod -->
  <testcase name="@BeforeMethod beforeMethod" time="0.04" classname="com.create4.execution.Admin_invitereq_dashb_TS_113">
    <failure type="org.openqa.selenium.WebDriverException" message="Cannot find firefox binary in PATH. Make sure firefox is installed. OS appears to be: VISTA
Build info: version: &amp;apos;2.53.1&amp;apos;, revision: &amp;apos;a36b8b1cd5757287168e54b817830adce9b0158d&amp;apos;, time: &amp;apos;2016-06-30 19:26:09&amp;apos;
System info: host: &amp;apos;BabluKumarPrasa&amp;apos;, ip: &amp;apos;192.168.43.144&amp;apos;, os.name: &amp;apos;Windows 7&amp;apos;, os.arch: &amp;apos;x86&amp;apos;, os.version: &amp;apos;6.1&amp;apos;, java.version: &amp;apos;1.8.0_51&amp;apos;
Driver info: driver.version: FirefoxDriver">
      <![CDATA[org.openqa.selenium.WebDriverException: Cannot find firefox binary in PATH. Make sure firefox is installed. OS appears to be: VISTA
Build info: version: '2.53.1', revision: 'a36b8b1cd5757287168e54b817830adce9b0158d', time: '2016-06-30 19:26:09'
System info: host: 'BabluKumarPrasa', ip: '192.168.43.144', os.name: 'Windows 7', os.arch: 'x86', os.version: '6.1', java.version: '1.8.0_51'
Driver info: driver.version: FirefoxDriver
	at org.openqa.selenium.firefox.internal.Executable.<init>(Executable.java:75)
	at org.openqa.selenium.firefox.FirefoxBinary.<init>(FirefoxBinary.java:60)
	at org.openqa.selenium.firefox.FirefoxBinary.<init>(FirefoxBinary.java:56)
	at org.openqa.selenium.firefox.FirefoxDriver.<init>(FirefoxDriver.java:120)
	at com.global.methods.GlobalMethods.LaunchBrowser(GlobalMethods.java:99)
	at com.create4.execution.Admin_invitereq_dashb_TS_113.beforeMethod(Admin_invitereq_dashb_TS_113.java:26)
... Removed 27 stack frames]]>
    </failure>
  </testcase> <!-- @BeforeMethod beforeMethod -->
  <testcase name="@BeforeMethod beforeMethod" time="0.038" classname="com.create4.execution.Prjct_submit_form_details_TS_146">
    <failure type="org.openqa.selenium.WebDriverException" message="Cannot find firefox binary in PATH. Make sure firefox is installed. OS appears to be: VISTA
Build info: version: &amp;apos;2.53.1&amp;apos;, revision: &amp;apos;a36b8b1cd5757287168e54b817830adce9b0158d&amp;apos;, time: &amp;apos;2016-06-30 19:26:09&amp;apos;
System info: host: &amp;apos;BabluKumarPrasa&amp;apos;, ip: &amp;apos;192.168.43.144&amp;apos;, os.name: &amp;apos;Windows 7&amp;apos;, os.arch: &amp;apos;x86&amp;apos;, os.version: &amp;apos;6.1&amp;apos;, java.version: &amp;apos;1.8.0_51&amp;apos;
Driver info: driver.version: FirefoxDriver">
      <![CDATA[org.openqa.selenium.WebDriverException: Cannot find firefox binary in PATH. Make sure firefox is installed. OS appears to be: VISTA
Build info: version: '2.53.1', revision: 'a36b8b1cd5757287168e54b817830adce9b0158d', time: '2016-06-30 19:26:09'
System info: host: 'BabluKumarPrasa', ip: '192.168.43.144', os.name: 'Windows 7', os.arch: 'x86', os.version: '6.1', java.version: '1.8.0_51'
Driver info: driver.version: FirefoxDriver
	at org.openqa.selenium.firefox.internal.Executable.<init>(Executable.java:75)
	at org.openqa.selenium.firefox.FirefoxBinary.<init>(FirefoxBinary.java:60)
	at org.openqa.selenium.firefox.FirefoxBinary.<init>(FirefoxBinary.java:56)
	at org.openqa.selenium.firefox.FirefoxDriver.<init>(FirefoxDriver.java:120)
	at com.global.methods.GlobalMethods.LaunchBrowser(GlobalMethods.java:99)
	at com.create4.execution.Prjct_submit_form_details_TS_146.beforeMethod(Prjct_submit_form_details_TS_146.java:26)
... Removed 27 stack frames]]>
    </failure>
  </testcase> <!-- @BeforeMethod beforeMethod -->
  <testcase name="@BeforeMethod beforeMethod" time="0.037" classname="com.create4.execution.View_Invitee_Requests_TS_38">
    <failure type="org.openqa.selenium.WebDriverException" message="Cannot find firefox binary in PATH. Make sure firefox is installed. OS appears to be: VISTA
Build info: version: &amp;apos;2.53.1&amp;apos;, revision: &amp;apos;a36b8b1cd5757287168e54b817830adce9b0158d&amp;apos;, time: &amp;apos;2016-06-30 19:26:09&amp;apos;
System info: host: &amp;apos;BabluKumarPrasa&amp;apos;, ip: &amp;apos;192.168.43.144&amp;apos;, os.name: &amp;apos;Windows 7&amp;apos;, os.arch: &amp;apos;x86&amp;apos;, os.version: &amp;apos;6.1&amp;apos;, java.version: &amp;apos;1.8.0_51&amp;apos;
Driver info: driver.version: FirefoxDriver">
      <![CDATA[org.openqa.selenium.WebDriverException: Cannot find firefox binary in PATH. Make sure firefox is installed. OS appears to be: VISTA
Build info: version: '2.53.1', revision: 'a36b8b1cd5757287168e54b817830adce9b0158d', time: '2016-06-30 19:26:09'
System info: host: 'BabluKumarPrasa', ip: '192.168.43.144', os.name: 'Windows 7', os.arch: 'x86', os.version: '6.1', java.version: '1.8.0_51'
Driver info: driver.version: FirefoxDriver
	at org.openqa.selenium.firefox.internal.Executable.<init>(Executable.java:75)
	at org.openqa.selenium.firefox.FirefoxBinary.<init>(FirefoxBinary.java:60)
	at org.openqa.selenium.firefox.FirefoxBinary.<init>(FirefoxBinary.java:56)
	at org.openqa.selenium.firefox.FirefoxDriver.<init>(FirefoxDriver.java:120)
	at com.global.methods.GlobalMethods.LaunchBrowser(GlobalMethods.java:99)
	at com.create4.execution.View_Invitee_Requests_TS_38.beforeMethod(View_Invitee_Requests_TS_38.java:29)
... Removed 27 stack frames]]>
    </failure>
  </testcase> <!-- @BeforeMethod beforeMethod -->
  <testcase name="@BeforeMethod beforeMethod" time="0.036" classname="com.create4.execution.Institute_update_in_Admin_TS_03">
    <failure type="org.openqa.selenium.WebDriverException" message="Cannot find firefox binary in PATH. Make sure firefox is installed. OS appears to be: VISTA
Build info: version: &amp;apos;2.53.1&amp;apos;, revision: &amp;apos;a36b8b1cd5757287168e54b817830adce9b0158d&amp;apos;, time: &amp;apos;2016-06-30 19:26:09&amp;apos;
System info: host: &amp;apos;BabluKumarPrasa&amp;apos;, ip: &amp;apos;192.168.43.144&amp;apos;, os.name: &amp;apos;Windows 7&amp;apos;, os.arch: &amp;apos;x86&amp;apos;, os.version: &amp;apos;6.1&amp;apos;, java.version: &amp;apos;1.8.0_51&amp;apos;
Driver info: driver.version: FirefoxDriver">
      <![CDATA[org.openqa.selenium.WebDriverException: Cannot find firefox binary in PATH. Make sure firefox is installed. OS appears to be: VISTA
Build info: version: '2.53.1', revision: 'a36b8b1cd5757287168e54b817830adce9b0158d', time: '2016-06-30 19:26:09'
System info: host: 'BabluKumarPrasa', ip: '192.168.43.144', os.name: 'Windows 7', os.arch: 'x86', os.version: '6.1', java.version: '1.8.0_51'
Driver info: driver.version: FirefoxDriver
	at org.openqa.selenium.firefox.internal.Executable.<init>(Executable.java:75)
	at org.openqa.selenium.firefox.FirefoxBinary.<init>(FirefoxBinary.java:60)
	at org.openqa.selenium.firefox.FirefoxBinary.<init>(FirefoxBinary.java:56)
	at org.openqa.selenium.firefox.FirefoxDriver.<init>(FirefoxDriver.java:120)
	at com.global.methods.GlobalMethods.LaunchBrowser(GlobalMethods.java:99)
	at com.create4.execution.Institute_update_in_Admin_TS_03.beforeMethod(Institute_update_in_Admin_TS_03.java:29)
... Removed 27 stack frames]]>
    </failure>
  </testcase> <!-- @BeforeMethod beforeMethod -->
  <testcase name="@BeforeMethod beforeMethod" time="0.0" classname="com.create4.execution.Institute_update_in_Admin_TS_03">
    <skipped/>
  </testcase> <!-- @BeforeMethod beforeMethod -->
  <testcase name="@BeforeMethod beforeMethod" time="0.0" classname="com.create4.execution.Institute_update_in_Admin_TS_03">
    <skipped/>
  </testcase> <!-- @BeforeMethod beforeMethod -->
  <testcase name="@BeforeMethod beforeMethod" time="0.0" classname="com.create4.execution.Institute_update_in_Admin_TS_03">
    <skipped/>
  </testcase> <!-- @BeforeMethod beforeMethod -->
  <testcase name="@BeforeMethod beforeMethod" time="0.0" classname="com.create4.execution.Institute_update_in_Admin_TS_03">
    <skipped/>
  </testcase> <!-- @BeforeMethod beforeMethod -->
  <testcase name="@BeforeMethod beforeMethod" time="0.0" classname="com.create4.execution.Institute_update_in_Admin_TS_03">
    <skipped/>
  </testcase> <!-- @BeforeMethod beforeMethod -->
  <testcase name="@BeforeMethod beforeMethod" time="0.0" classname="com.create4.execution.Institute_update_in_Admin_TS_03">
    <skipped/>
  </testcase> <!-- @BeforeMethod beforeMethod -->
  <testcase name="CRe4_789" time="0.0" classname="com.create4.execution.Institute_Creation_TS_01">
    <skipped/>
  </testcase> <!-- CRe4_789 -->
  <testcase name="CRe4_790" time="0.0" classname="com.create4.execution.Institute_Creation_TS_01">
    <skipped/>
  </testcase> <!-- CRe4_790 -->
  <testcase name="CRe4_791_792_793_794_795_801_A" time="0.0" classname="com.create4.execution.Institute_Creation_TS_01">
    <skipped/>
  </testcase> <!-- CRe4_791_792_793_794_795_801_A -->
  <testcase name="CRe4_796" time="0.0" classname="com.create4.execution.Institute_Creation_TS_01">
    <skipped/>
  </testcase> <!-- CRe4_796 -->
  <testcase name="CRe4_797" time="0.0" classname="com.create4.execution.Institute_Creation_TS_01">
    <skipped/>
  </testcase> <!-- CRe4_797 -->
  <testcase name="CRe4_798" time="0.0" classname="com.create4.execution.Institute_Creation_TS_01">
    <skipped/>
  </testcase> <!-- CRe4_798 -->
  <testcase name="CRe4_799" time="0.0" classname="com.create4.execution.Institute_Creation_TS_01">
    <skipped/>
  </testcase> <!-- CRe4_799 -->
  <testcase name="CRe4_800" time="0.0" classname="com.create4.execution.Institute_Creation_TS_01">
    <skipped/>
  </testcase> <!-- CRe4_800 -->
  <testcase name="CRe4_801" time="0.0" classname="com.create4.execution.Institute_Creation_TS_01">
    <skipped/>
  </testcase> <!-- CRe4_801 -->
  <testcase name="CRe4_762_763_764_765_766_767_768" time="0.0" classname="com.create4.execution.Institution_View_Edit_Status_TS_01A">
    <skipped/>
  </testcase> <!-- CRe4_762_763_764_765_766_767_768 -->
  <testcase name="CRe4_768" time="0.0" classname="com.create4.execution.Institution_View_Edit_Status_TS_01A">
    <skipped/>
  </testcase> <!-- CRe4_768 -->
  <testcase name="CRe4_769" time="0.001" classname="com.create4.execution.Institution_View_Edit_Status_TS_01A">
    <skipped/>
  </testcase> <!-- CRe4_769 -->
  <testcase name="CRe4_770" time="0.0" classname="com.create4.execution.Institution_View_Edit_Status_TS_01A">
    <skipped/>
  </testcase> <!-- CRe4_770 -->
  <testcase name="CRe4_771_772" time="0.0" classname="com.create4.execution.Institution_View_Edit_Status_TS_01A">
    <skipped/>
  </testcase> <!-- CRe4_771_772 -->
  <testcase name="CRe4_773" time="0.0" classname="com.create4.execution.Institution_View_Edit_Status_TS_01A">
    <skipped/>
  </testcase> <!-- CRe4_773 -->
  <testcase name="CRe4_774" time="0.0" classname="com.create4.execution.Institution_View_Edit_Status_TS_01A">
    <skipped/>
  </testcase> <!-- CRe4_774 -->
  <testcase name="CRe4_776" time="0.0" classname="com.create4.execution.Institution_View_Edit_Status_TS_01A">
    <skipped/>
  </testcase> <!-- CRe4_776 -->
  <testcase name="CRe4_777" time="0.0" classname="com.create4.execution.Institution_View_Edit_Status_TS_01A">
    <skipped/>
  </testcase> <!-- CRe4_777 -->
  <testcase name="CRe4_813" time="0.0" classname="com.create4.execution.Admin_Creation_TS_01B">
    <skipped/>
  </testcase> <!-- CRe4_813 -->
  <testcase name="CRe4_814" time="0.0" classname="com.create4.execution.Admin_Creation_TS_01B">
    <skipped/>
  </testcase> <!-- CRe4_814 -->
  <testcase name="CRe4_815" time="0.0" classname="com.create4.execution.Admin_Creation_TS_01B">
    <skipped/>
  </testcase> <!-- CRe4_815 -->
  <testcase name="CRe4_816" time="0.0" classname="com.create4.execution.Admin_Creation_TS_01B">
    <skipped/>
  </testcase> <!-- CRe4_816 -->
  <testcase name="CRe4_817" time="0.0" classname="com.create4.execution.Admin_Creation_TS_01B">
    <skipped/>
  </testcase> <!-- CRe4_817 -->
  <testcase name="CRe4_818" time="0.0" classname="com.create4.execution.Admin_Creation_TS_01B">
    <skipped/>
  </testcase> <!-- CRe4_818 -->
  <testcase name="CRe4_819" time="0.0" classname="com.create4.execution.Admin_Creation_TS_01B">
    <skipped/>
  </testcase> <!-- CRe4_819 -->
  <testcase name="CRe4_823" time="0.0" classname="com.create4.execution.Admin_Creation_TS_01B">
    <skipped/>
  </testcase> <!-- CRe4_823 -->
  <testcase name="CRe4_824" time="0.0" classname="com.create4.execution.Admin_Creation_TS_01B">
    <skipped/>
  </testcase> <!-- CRe4_824 -->
  <testcase name="CRe4_825_827_829_831_833_835_837" time="0.0" classname="com.create4.execution.Admin_Creation_TS_01B">
    <skipped/>
  </testcase> <!-- CRe4_825_827_829_831_833_835_837 -->
  <testcase name="CRe4_826_828_830_832_834_836_838_839" time="0.0" classname="com.create4.execution.Admin_Creation_TS_01B">
    <skipped/>
  </testcase> <!-- CRe4_826_828_830_832_834_836_838_839 -->
  <testcase name="CRe4_802_803_804_805" time="0.0" classname="com.create4.execution.Manage_Admin_View_Edit_Delete_TS_01C">
    <skipped/>
  </testcase> <!-- CRe4_802_803_804_805 -->
  <testcase name="CRe4_806_807_808_809_810_811_812" time="0.0" classname="com.create4.execution.Manage_Admin_View_Edit_Delete_TS_01C">
    <skipped/>
  </testcase> <!-- CRe4_806_807_808_809_810_811_812 -->
  <testcase name="CRe4_01_02_03_08_10_11" time="0.0" classname="com.create4.execution.Home_Page_Details_TS_02">
    <skipped/>
  </testcase> <!-- CRe4_01_02_03_08_10_11 -->
  <testcase name="CRe4_04" time="0.0" classname="com.create4.execution.Home_Page_Details_TS_02">
    <skipped/>
  </testcase> <!-- CRe4_04 -->
  <testcase name="CRe4_05" time="0.0" classname="com.create4.execution.Home_Page_Details_TS_02">
    <skipped/>
  </testcase> <!-- CRe4_05 -->
  <testcase name="CRe4_06" time="0.0" classname="com.create4.execution.Home_Page_Details_TS_02">
    <skipped/>
  </testcase> <!-- CRe4_06 -->
  <testcase name="CRe4_09" time="0.0" classname="com.create4.execution.Home_Page_Details_TS_02">
    <skipped/>
  </testcase> <!-- CRe4_09 -->
  <testcase name="CRe4_10" time="0.0" classname="com.create4.execution.Home_Page_Details_TS_02">
    <skipped/>
  </testcase> <!-- CRe4_10 -->
  <testcase name="CRe4_12_14_15_21_23_24" time="0.0" classname="com.create4.execution.Institute_Home_Page_Details_TS_02A">
    <skipped/>
  </testcase> <!-- CRe4_12_14_15_21_23_24 -->
  <testcase name="CRe4_16" time="0.0" classname="com.create4.execution.Institute_Home_Page_Details_TS_02A">
    <skipped/>
  </testcase> <!-- CRe4_16 -->
  <testcase name="CRe4_25_27" time="0.0" classname="com.create4.execution.Institute_Home_Page_Details_TS_02A">
    <skipped/>
  </testcase> <!-- CRe4_25_27 -->
  <testcase name="CRe4_28_30" time="0.0" classname="com.create4.execution.Institute_Home_Page_Details_TS_02A">
    <skipped/>
  </testcase> <!-- CRe4_28_30 -->
  <testcase name="CRe4_101_102" time="0.0" classname="com.create4.execution.Login_Page_in_Institute_Home_Page_TS_02B">
    <skipped/>
  </testcase> <!-- CRe4_101_102 -->
  <testcase name="CRe4_103_104_109" time="0.0" classname="com.create4.execution.Login_Page_in_Institute_Home_Page_TS_02B">
    <skipped/>
  </testcase> <!-- CRe4_103_104_109 -->
  <testcase name="CRe4_108" time="0.0" classname="com.create4.execution.Login_Page_in_Institute_Home_Page_TS_02B">
    <skipped/>
  </testcase> <!-- CRe4_108 -->
  <testcase name="CRe4_111" time="0.0" classname="com.create4.execution.Login_Page_in_Institute_Home_Page_TS_02B">
    <skipped/>
  </testcase> <!-- CRe4_111 -->
  <testcase name="CRe4_112_to_124" time="0.0" classname="com.create4.execution.Forgot_Password_in_Inst_Home_Page_TS_02C">
    <skipped/>
  </testcase> <!-- CRe4_112_to_124 -->
  <testcase name="Register_CRe4_33_34_35_36" time="0.0" classname="com.create4.execution.PI_Registration_TS_25">
    <skipped/>
  </testcase> <!-- Register_CRe4_33_34_35_36 -->
  <testcase name="CRe4_37_38_39_40_41_44" time="0.0" classname="com.create4.execution.PI_Registration_TS_25">
    <skipped/>
  </testcase> <!-- CRe4_37_38_39_40_41_44 -->
  <testcase name="RegisterIECadmin_CRe4_46_47" time="0.0" classname="com.create4.execution.PI_Registration_TS_25">
    <skipped/>
  </testcase> <!-- RegisterIECadmin_CRe4_46_47 -->
  <testcase name="RegisterIECadmin_CRe4_45" time="0.0" classname="com.create4.execution.PI_Registration_TS_25">
    <skipped/>
  </testcase> <!-- RegisterIECadmin_CRe4_45 -->
  <testcase name="CRe4_48_49_50_51_52_54_55_55_a" time="0.0" classname="com.create4.execution.PI_Registration_TS_25">
    <skipped/>
  </testcase> <!-- CRe4_48_49_50_51_52_54_55_55_a -->
  <testcase name="Register_CRe4_58_59_60_61" time="0.0" classname="com.create4.execution.Manage_Registration_Requests_TS_26">
    <skipped/>
  </testcase> <!-- Register_CRe4_58_59_60_61 -->
  <testcase name="Register_CRe4_64_65" time="0.0" classname="com.create4.execution.Manage_Registration_Requests_TS_26">
    <skipped/>
  </testcase> <!-- Register_CRe4_64_65 -->
  <testcase name="Register_CRe4_70_71_72_73_74" time="0.0" classname="com.create4.execution.Manage_Registration_Requests_TS_26">
    <skipped/>
  </testcase> <!-- Register_CRe4_70_71_72_73_74 -->
  <testcase name="CRe4_454_455_456_457_458_459_460" time="0.0" classname="com.create4.execution.Admin_regreq_dashb_TS_112">
    <skipped/>
  </testcase> <!-- CRe4_454_455_456_457_458_459_460 -->
  <testcase name="CRe4_596_597" time="0.0" classname="com.create4.execution.Allrole_menus_TS_128">
    <skipped/>
  </testcase> <!-- CRe4_596_597 -->
  <testcase name="CRe4_598_99" time="0.0" classname="com.create4.execution.Allrole_menus_TS_128">
    <skipped/>
  </testcase> <!-- CRe4_598_99 -->
  <testcase name="CRe4_600_601" time="0.0" classname="com.create4.execution.Allrole_menus_TS_128">
    <skipped/>
  </testcase> <!-- CRe4_600_601 -->
  <testcase name="CRe4_602_603_604_605" time="0.0" classname="com.create4.execution.Allrole_menus_TS_128">
    <skipped/>
  </testcase> <!-- CRe4_602_603_604_605 -->
  <testcase name="CRe4_606_607" time="0.0" classname="com.create4.execution.Allrole_menus_TS_128">
    <skipped/>
  </testcase> <!-- CRe4_606_607 -->
  <testcase name="CRe4_1204" time="0.0" classname="com.create4.execution.PI_menu_TS_39">
    <skipped/>
  </testcase> <!-- CRe4_1204 -->
  <testcase name="CRe4_95" time="0.0" classname="com.create4.execution.PI_profile_TS_29">
    <skipped/>
  </testcase> <!-- CRe4_95 -->
  <testcase name="CRe4_96" time="0.0" classname="com.create4.execution.PI_profile_TS_29">
    <skipped/>
  </testcase> <!-- CRe4_96 -->
  <testcase name="CRe4_97_98" time="0.0" classname="com.create4.execution.PI_profile_TS_29">
    <skipped/>
  </testcase> <!-- CRe4_97_98 -->
  <testcase name="CRe4_99" time="0.0" classname="com.create4.execution.PI_profile_TS_29">
    <skipped/>
  </testcase> <!-- CRe4_99 -->
  <testcase name="CRe4_684" time="0.0" classname="com.create4.execution.PI_profile_update_TS_136">
    <skipped/>
  </testcase> <!-- CRe4_684 -->
  <testcase name="CRe4_686" time="0.0" classname="com.create4.execution.PI_profile_update_TS_136">
    <skipped/>
  </testcase> <!-- CRe4_686 -->
  <testcase name="CRe4_686_a" time="0.0" classname="com.create4.execution.PI_profile_update_TS_136">
    <skipped/>
  </testcase> <!-- CRe4_686_a -->
  <testcase name="CRe4_687" time="0.0" classname="com.create4.execution.PI_profile_update_TS_136">
    <skipped/>
  </testcase> <!-- CRe4_687 -->
  <testcase name="CRe4_697_698_699_700_701_702_703_704_705" time="0.0" classname="com.create4.execution.PI_profile_update_TS_136">
    <skipped/>
  </testcase> <!-- CRe4_697_698_699_700_701_702_703_704_705 -->
  <testcase name="CRe4_462_to_467" time="0.0" classname="com.create4.execution.Admin_invitereq_dashb_TS_113">
    <skipped/>
  </testcase> <!-- CRe4_462_to_467 -->
  <testcase name="CRe4_1989_1991_1992" time="0.0" classname="com.create4.execution.Prjct_submit_form_details_TS_146">
    <skipped/>
  </testcase> <!-- CRe4_1989_1991_1992 -->
  <testcase name="CRe4_1178_1180_1181_1182_1183_1184_1185" time="0.002" classname="com.create4.execution.View_Invitee_Requests_TS_38">
    <skipped/>
  </testcase> <!-- CRe4_1178_1180_1181_1182_1183_1184_1185 -->
  <testcase name="CRe4_846" time="0.0" classname="com.create4.execution.Institute_update_in_Admin_TS_03">
    <skipped/>
  </testcase> <!-- CRe4_846 -->
  <testcase name="CRe4_847" time="0.0" classname="com.create4.execution.Institute_update_in_Admin_TS_03">
    <skipped/>
  </testcase> <!-- CRe4_847 -->
  <testcase name="CRe4_848" time="0.0" classname="com.create4.execution.Institute_update_in_Admin_TS_03">
    <skipped/>
  </testcase> <!-- CRe4_848 -->
  <testcase name="CRe4_849" time="0.0" classname="com.create4.execution.Institute_update_in_Admin_TS_03">
    <skipped/>
  </testcase> <!-- CRe4_849 -->
  <testcase name="CRe4_850" time="0.0" classname="com.create4.execution.Institute_update_in_Admin_TS_03">
    <skipped/>
  </testcase> <!-- CRe4_850 -->
  <testcase name="CRe4_851_852" time="0.0" classname="com.create4.execution.Institute_update_in_Admin_TS_03">
    <skipped/>
  </testcase> <!-- CRe4_851_852 -->
  <testcase name="CRe4_853" time="0.0" classname="com.create4.execution.Institute_update_in_Admin_TS_03">
    <skipped/>
  </testcase> <!-- CRe4_853 -->
  <testcase name="CRe4_18_22_26_29_13" time="0.0" classname="com.create4.execution.Institute_Home_Page_Details_TS_02A">
    <ignored/>
  </testcase> <!-- CRe4_18_22_26_29_13 -->
  <testcase name="CRe4_820_821_822_840_841_842_843_844_845" time="0.0" classname="com.create4.execution.Admin_Creation_TS_01B">
    <ignored/>
  </testcase> <!-- CRe4_820_821_822_840_841_842_843_844_845 -->
</testsuite> <!-- Test -->
